STEP to UG
! INFO-     NX STEP AP214 - V12.0
! INFO-      
! INFO-     Start of Translation: 21-JAN-2021  1:48:51 PM
! INFO-      
! STATUS-   Converting Part: C:\Users\Hugo Danielson\Desktop\minuturus.STP
! SUMMARY-   
! SUMMARY-    STEP Header Information
! SUMMARY-   
! SUMMARY-  Description      STEP AP214
! SUMMARY-  Imp_Level        1
! SUMMARY-  File_Name        minuturus.STP
! SUMMARY-  Date             2021-01-21T05:48:20
! SUMMARY-  Author           Unknown
! SUMMARY-  Organization     Unknown
! SUMMARY-  Pre_Version      SwSTEP 2.0
! SUMMARY-  Orig_System      SolidWorks 2020
! SUMMARY-  Authorization    Unknown
! SUMMARY-  Schema_ID        automotive_design
! SUMMARY-   
! SUMMARY-    Summary of STEP Entities
! SUMMARY-   
! SUMMARY-  Entity Type                                                   Count
! SUMMARY-  -----------                                                   ------
! SUMMARY-  advanced_face ..............................................:   4344
! SUMMARY-  application_context ........................................:      2
! SUMMARY-  axis2_placement_3d .........................................:      1
! SUMMARY-  b_spline_curve_with_knots ..................................:   6516
! SUMMARY-  b_spline_surface_with_knots ................................:   4344
! SUMMARY-  cartesian_point ............................................:  45609
! SUMMARY-  closed_shell ...............................................:      1
! SUMMARY-  direction ..................................................:      2
! SUMMARY-  edge_curve .................................................:   6516
! SUMMARY-  edge_loop ..................................................:   4344
! SUMMARY-  face_outer_bound ...........................................:   4344
! SUMMARY-  geometric_representation_context_and_global_uncertainty_a ..:      3
! SUMMARY-  length_unit_and_si_unit ....................................:      3
! SUMMARY-  manifold_solid_brep ........................................:      1
! SUMMARY-  oriented_edge ..............................................:  13032
! SUMMARY-  plane_angle_unit_and_si_unit ...............................:      3
! SUMMARY-  product ....................................................:      1
! SUMMARY-  product_context ............................................:      1
! SUMMARY-  product_definition .........................................:      1
! SUMMARY-  product_definition_context .................................:      1
! SUMMARY-  product_definition_formation_with_specified_source .........:      1
! SUMMARY-  product_definition_shape ...................................:      1
! SUMMARY-  product_related_product_category ...........................:      1
! SUMMARY-  si_unit_and_solid_angle_unit ...............................:      3
! SUMMARY-  uncertainty_measure_with_unit ..............................:      3
! SUMMARY-  vertex_point ...............................................:   2174
! SUMMARY-                                                               -------
! SUMMARY-  Total                                                          91252
! STATUS-    
! STATUS-   Converting to Output Form (Phase 2 of 3): 21-JAN-2021 1:48:52 PM
! STATUS-    
! STATUS-    
! STATUS-   Generating UG geometry and placing them in parts
! STATUS-    
! STATUS-   Creating the UG part (Phase 3 of 3): 21-JAN-2021  1:48:53 PM
! STATUS-    
! STATUS-   Creating UG solid body from Input Ent Id 36928
! STATUS-    
! STATUS-   removing any duplicate geometry
! STATUS-    
! STATUS-   fixing vertex and/or edge off surface faults
! STATUS-    
! STATUS-   simplifying Bsplines to analytics
! STATUS-    
! STATUS-   converting tolerant edges into exact edges
! STATUS-    
! STATUS-   doing final check of body to report any faults
! STATUS-    
! STATUS-   removing any unnecessary topology
! STATUS-    
! WARNING-  solid body contains fault: 13804 - RTSTSX: Self-intersecting topology.
! WARNING-  solid body contains fault: 13804 - RTSTSX: Self-intersecting topology.
! WARNING-  solid body contains fault: 13804 - RTSTSX: Self-intersecting topology.
! WARNING-  solid body contains fault: 13804 - RTSTSX: Self-intersecting topology.
! WARNING-  solid body contains fault: 13804 - RTSTSX: Self-intersecting topology.
! WARNING-  solid body contains fault: 13804 - RTSTSX: Self-intersecting topology.
! WARNING-  solid body contains fault: 13804 - RTSTSX: Self-intersecting topology.
! WARNING-  solid body contains fault: 13804 - RTSTSX: Self-intersecting topology.
! WARNING-  solid body contains fault: 13804 - RTSTSX: Self-intersecting topology.
! WARNING-  solid body contains fault: 13804 - RTSTSX: Self-intersecting topology.
! WARNING-  solid body (minuturus.igs) contains faults that could not be corrected
! WARNING-   
! INFO-     Filing Part ..: C:\Users\Hugo Danielson\Desktop\Milling\Minotaur\minuturus.prt
! SUMMARY-   
! SUMMARY-  Summary of Unigraphics Part Entities
! SUMMARY-   
! SUMMARY-  Entities Processed             Count
! SUMMARY-  ------------------             -----
! SUMMARY-  Solid .......................:     1
! SUMMARY-                                 -----
! SUMMARY-  Total                              1
! INFO-      
! INFO-     Total number of solids input for this translation       :         1
! INFO-      
! INFO-     Number of solids created without body validation faults :         0
! INFO-      
! INFO-     Number of solids created with body validation fault(s)  :         1
! INFO-      
! INFO-     Number of solids ending up as sheet bodies              :         0
! INFO-      
! INFO-     End of Translation: 21-JAN-2021  1:49:34 PM
! INFO-      
