UG to STEP
! INFO-     NX STEP AP203 - V12.0
! INFO-      
! INFO-     Start of Translation: 21-JAN-2021  7:41:51 PM
! INFO-      
! STATUS-   Converting Part: C:\Users\Hugo Danielson\Desktop\Test\model1.prt
! ERROR-    Failure code: 120  
! ERROR-    Routine: ENPOPS / 
! ERROR-    Message: parameter out of range  
! SUMMARY-   
! SUMMARY-  Summary of Unigraphics Part Entities
! SUMMARY-  For Part: C:\Users\Hugo Danielson\Desktop\Test\model1.prt 
! SUMMARY-  Entities Processed             Count
! SUMMARY-  ------------------             -----
! SUMMARY-  Part Attribute ..............:     1
! SUMMARY-  Font ........................:     1
! SUMMARY-  Color Table .................:     2
! SUMMARY-  Coordinate System ...........:     2
! SUMMARY-  Parameter ...................:     1
! SUMMARY-  Matrix ......................:     1
! SUMMARY-                                 -----
! SUMMARY-  Total                              8
! STATUS-    
! STATUS-   Converting to Output Form (Phase 2 of 3): 21-JAN-2021 7:41:53 PM
! STATUS-    
! STATUS-    
! STATUS-   Generating UG geometry and placing them in parts
! STATUS-    
! SUMMARY-   
! SUMMARY-    STEP Header Information
! SUMMARY-   
! SUMMARY-  Description      Unknown
! SUMMARY-  Imp_Level        1
! SUMMARY-  File_Name        model1.stp
! SUMMARY-  Date             2021-01-21T19:41:53+08:00
! SUMMARY-  Author           Unknown
! SUMMARY-  Organization     Unknown
! SUMMARY-  Pre_Version      ST-DEVELOPER v16.7
! SUMMARY-  Orig_System      SIEMENS PLM Software NX 12.0
! SUMMARY-  Authorization    Unknown
! SUMMARY-   
! SUMMARY-    Summary of STEP Entities
! SUMMARY-   
! SUMMARY-  Entity Type                                                   Count
! SUMMARY-  -----------                                                   ------
! SUMMARY-  application_context ........................................:      1
! SUMMARY-  approval ...................................................:      3
! SUMMARY-  approval_date_time .........................................:      3
! SUMMARY-  approval_person_organization ...............................:      3
! SUMMARY-  approval_role ..............................................:      3
! SUMMARY-  approval_status ............................................:      3
! SUMMARY-  axis2_placement_3d .........................................:      1
! SUMMARY-  calendar_date ..............................................:      5
! SUMMARY-  cartesian_point ............................................:      1
! SUMMARY-  cc_design_approval .........................................:      3
! SUMMARY-  cc_design_date_and_time_assignment .........................:      2
! SUMMARY-  cc_design_person_and_organization_assignment ...............:      4
! SUMMARY-  cc_design_security_classification ..........................:      1
! SUMMARY-  conversion_based_unit_and_plane_angle_unit .................:      1
! SUMMARY-  coordinated_universal_time_offset ..........................:      5
! SUMMARY-  date_and_time ..............................................:      5
! SUMMARY-  date_time_role .............................................:      2
! SUMMARY-  design_context .............................................:      1
! SUMMARY-  dimensional_exponents ......................................:      1
! SUMMARY-  direction ..................................................:      2
! SUMMARY-  geometric_representation_context_and_global_uncertainty_a ..:      1
! SUMMARY-  length_unit_and_si_unit ....................................:      1
! SUMMARY-  local_time .................................................:      5
! SUMMARY-  mechanical_context .........................................:      1
! SUMMARY-  organization ...............................................:      7
! SUMMARY-  person .....................................................:      1
! SUMMARY-  person_and_organization ....................................:      7
! SUMMARY-  person_and_organization_role ...............................:      4
! SUMMARY-  plane_angle_measure_with_unit ..............................:      1
! SUMMARY-  plane_angle_unit_and_si_unit ...............................:      1
! SUMMARY-  product ....................................................:      1
! SUMMARY-  product_definition .........................................:      1
! SUMMARY-  product_definition_formation_with_specified_source .........:      1
! SUMMARY-  product_definition_shape ...................................:      1
! SUMMARY-  product_related_product_category ...........................:      1
! SUMMARY-  security_classification ....................................:      1
! SUMMARY-  security_classification_level ..............................:      1
! SUMMARY-  si_unit_and_solid_angle_unit ...............................:      1
! SUMMARY-  uncertainty_measure_with_unit ..............................:      1
! SUMMARY-                                                               -------
! SUMMARY-  Total                                                             88
! INFO-      
! INFO-     User interface/default file
! INFO-     Bspline aprx. value in effect for this translation : 2.540000e-02 mm
! INFO-      
! INFO-     Total number of solids input for this translation  :       1
! INFO-      
! INFO-     Number of solids processed without problems        :       0
! INFO-      
! INFO-     Number of solids with problems output as sheets    :       0
! INFO-      
! INFO-     Number of solids not processed                     :       1
! INFO-      
! INFO-     End of Translation: 21-JAN-2021  7:41:53 PM
! INFO-      
